Flutter crash report.
Please report a bug at https://github.com/flutter/flutter/issues.

## command

flutter --no-color run --machine --verbose --track-widget-creation --device-id=G9AZCY03D241PNK --start-paused --dart-define=flutter.inspector.structuredErrors=true lib\main.dart

## exception

ClientException: Connection closed while receiving data

```
#0      IOClient.send.<anonymous closure> (package:http/src/io_client.dart:50:13)
#1      _invokeErrorHandler (dart:async/async_error.dart:16:24)
#2      _HandleErrorStream._handleError (dart:async/stream_pipe.dart:282:9)
#3      _ForwardingStreamSubscription._handleError (dart:async/stream_pipe.dart:161:13)
#4      _HttpClientResponse.listen.<anonymous closure> (dart:_http/http_impl.dart:441:16)
#5      _rootRunBinary (dart:async/zone.dart:1214:47)
#6      _CustomZone.runBinary (dart:async/zone.dart:1107:19)
#7      _CustomZone.runBinaryGuarded (dart:async/zone.dart:1013:7)
#8      _BufferingStreamSubscription._sendError.sendError (dart:async/stream_impl.dart:376:15)
#9      _BufferingStreamSubscription._sendError (dart:async/stream_impl.dart:394:16)
#10     _BufferingStreamSubscription._addError (dart:async/stream_impl.dart:294:7)
#11     _ForwardingStreamSubscription._addError (dart:async/stream_pipe.dart:132:11)
#12     _addErrorWithReplacement (dart:async/stream_pipe.dart:180:8)
#13     _HandleErrorStream._handleError (dart:async/stream_pipe.dart:287:11)
#14     _ForwardingStreamSubscription._handleError (dart:async/stream_pipe.dart:161:13)
#15     _rootRunBinary (dart:async/zone.dart:1214:47)
#16     _CustomZone.runBinary (dart:async/zone.dart:1107:19)
#17     _CustomZone.runBinaryGuarded (dart:async/zone.dart:1013:7)
#18     _BufferingStreamSubscription._sendError.sendError (dart:async/stream_impl.dart:376:15)
#19     _BufferingStreamSubscription._sendError (dart:async/stream_impl.dart:394:16)
#20     _BufferingStreamSubscription._addError (dart:async/stream_impl.dart:294:7)
#21     _SyncStreamControllerDispatch._sendError (dart:async/stream_controller.dart:812:19)
#22     _StreamController._addError (dart:async/stream_controller.dart:690:7)
#23     _StreamController.addError (dart:async/stream_controller.dart:642:5)
#24     _HttpParser._reportBodyError (dart:_http/http_parser.dart:1158:22)
#25     _HttpParser._onDone (dart:_http/http_parser.dart:865:9)
#26     _rootRun (dart:async/zone.dart:1182:47)
#27     _CustomZone.run (dart:async/zone.dart:1093:19)
#28     _CustomZone.runGuarded (dart:async/zone.dart:997:7)
#29     _BufferingStreamSubscription._sendDone.sendDone (dart:async/stream_impl.dart:410:13)
#30     _BufferingStreamSubscription._sendDone (dart:async/stream_impl.dart:420:15)
#31     _BufferingStreamSubscription._close (dart:async/stream_impl.dart:305:7)
#32     _SyncStreamControllerDispatch._sendDone (dart:async/stream_controller.dart:816:19)
#33     _StreamController._closeUnchecked (dart:async/stream_controller.dart:671:7)
#34     _StreamController.close (dart:async/stream_controller.dart:664:5)
#35     _Socket._onData (dart:io-patch/socket_patch.dart:1976:21)
#36     _rootRunUnary (dart:async/zone.dart:1206:13)
#37     _CustomZone.runUnary (dart:async/zone.dart:1100:19)
#38     _CustomZone.runUnaryGuarded (dart:async/zone.dart:1005:7)
#39     _BufferingStreamSubscription._sendData (dart:async/stream_impl.dart:357:11)
#40     _BufferingStreamSubscription._add (dart:async/stream_impl.dart:285:7)
#41     _SyncStreamControllerDispatch._sendData (dart:async/stream_controller.dart:808:19)
#42     _StreamController._add (dart:async/stream_controller.dart:682:7)
#43     _StreamController.add (dart:async/stream_controller.dart:624:5)
#44     new _RawSocket.<anonymous closure> (dart:io-patch/socket_patch.dart:1512:35)
#45     _NativeSocket.issueReadEvent.issue (dart:io-patch/socket_patch.dart:1010:18)
#46     _microtaskLoop (dart:async/schedule_microtask.dart:41:21)
#47     _startMicrotaskLoop (dart:async/schedule_microtask.dart:50:5)
#48     _runPendingImmediateCallback (dart:isolate-patch/isolate_patch.dart:118:13)
#49     _RawReceivePortImpl._handleMessage (dart:isolate-patch/isolate_patch.dart:169:5)
```

## flutter doctor

```
[✓] Flutter (Channel beta, 1.23.0-18.1.pre, on Microsoft Windows [Version 10.0.20180.1000], locale en-US)
    • Flutter version 1.23.0-18.1.pre at E:\flutterSDK
    • Framework revision 198df796aa (6 weeks ago), 2020-10-15 12:04:33 -0700
    • Engine revision 1d12d82d9c
    • Dart version 2.11.0 (build 2.11.0-213.1.beta)
    • Pub download mirror https://pub.flutter-io.cn
    • Flutter download mirror https://storage.flutter-io.cn

[✓] Android toolchain - develop for Android devices (Android SDK version 29.0.2)
    • Android SDK at E:\StudioSDK
    • Platform android-R, build-tools 29.0.2
    • ANDROID_HOME = E:\StudioSDK
    • Java binary at: C:\Program Files\Android\Android Studio\jre\bin\java
    • Java version OpenJDK Runtime Environment (build 1.8.0_242-release-1644-b01)
    • All Android licenses accepted.

[✓] Chrome - develop for the web
    • Chrome at C:\Program Files (x86)\Google\Chrome\Application\chrome.exe

[✓] Android Studio (version 4.0)
    • Android Studio at C:\Program Files\Android\Android Studio
    • Flutter plugin version 50.0.1
    • Dart plugin version 193.7547
    • Java version OpenJDK Runtime Environment (build 1.8.0_242-release-1644-b01)

[✓] VS Code (version 1.51.1)
    • VS Code at C:\Users\TEC-GATE\AppData\Local\Programs\Microsoft VS Code
    • Flutter extension version 3.16.0

[✓] Connected device (4 available)
    • ASUS Z00LD (mobile) • G9AZCY03D241PNK • android-arm64  • Android 6.0.1 (API 23)
    • Web Server (web)    • web-server      • web-javascript • Flutter Tools
    • Chrome (web)        • chrome          • web-javascript • Google Chrome 86.0.4240.198
    • Edge (web)          • edge            • web-javascript • Microsoft Edge 86.0.622.69

• No issues found!
```
